mode: set
github.com/AbdulahadAbduqahhorov/bigint_pkg/bigint.go:13.37,15.33 2 0
github.com/AbdulahadAbduqahhorov/bigint_pkg/bigint.go:22.2,22.50 1 0
github.com/AbdulahadAbduqahhorov/bigint_pkg/bigint.go:26.2,26.26 1 0
github.com/AbdulahadAbduqahhorov/bigint_pkg/bigint.go:30.2,30.12 1 0
github.com/AbdulahadAbduqahhorov/bigint_pkg/bigint.go:15.33,18.3 2 0
github.com/AbdulahadAbduqahhorov/bigint_pkg/bigint.go:18.8,18.40 1 0
github.com/AbdulahadAbduqahhorov/bigint_pkg/bigint.go:18.40,20.3 1 0
github.com/AbdulahadAbduqahhorov/bigint_pkg/bigint.go:22.50,24.3 1 0
github.com/AbdulahadAbduqahhorov/bigint_pkg/bigint.go:26.26,28.3 1 0
github.com/AbdulahadAbduqahhorov/bigint_pkg/bigint.go:33.48,38.64 4 0
github.com/AbdulahadAbduqahhorov/bigint_pkg/bigint.go:42.2,43.24 2 0
github.com/AbdulahadAbduqahhorov/bigint_pkg/bigint.go:49.2,49.17 1 0
github.com/AbdulahadAbduqahhorov/bigint_pkg/bigint.go:38.64,40.3 1 0
github.com/AbdulahadAbduqahhorov/bigint_pkg/bigint.go:43.24,44.36 1 0
github.com/AbdulahadAbduqahhorov/bigint_pkg/bigint.go:44.36,46.4 1 0
github.com/AbdulahadAbduqahhorov/bigint_pkg/bigint.go:54.41,56.9 2 0
github.com/AbdulahadAbduqahhorov/bigint_pkg/bigint.go:56.9,58.3 1 0
github.com/AbdulahadAbduqahhorov/bigint_pkg/bigint.go:58.8,62.3 2 0
github.com/AbdulahadAbduqahhorov/bigint_pkg/bigint.go:65.40,67.9 2 0
github.com/AbdulahadAbduqahhorov/bigint_pkg/bigint.go:70.2,72.12 3 0
github.com/AbdulahadAbduqahhorov/bigint_pkg/bigint.go:67.9,69.3 1 0
github.com/AbdulahadAbduqahhorov/bigint_pkg/bigint.go:75.30,76.17 1 1
github.com/AbdulahadAbduqahhorov/bigint_pkg/bigint.go:79.2,79.13 1 1
github.com/AbdulahadAbduqahhorov/bigint_pkg/bigint.go:76.17,78.3 1 1
github.com/AbdulahadAbduqahhorov/bigint_pkg/bigint.go:82.30,87.60 4 1
github.com/AbdulahadAbduqahhorov/bigint_pkg/bigint.go:90.2,90.60 1 1
github.com/AbdulahadAbduqahhorov/bigint_pkg/bigint.go:93.2,94.60 2 1
github.com/AbdulahadAbduqahhorov/bigint_pkg/bigint.go:100.2,101.55 2 1
github.com/AbdulahadAbduqahhorov/bigint_pkg/bigint.go:117.2,117.18 1 1
github.com/AbdulahadAbduqahhorov/bigint_pkg/bigint.go:120.2,120.10 1 1
github.com/AbdulahadAbduqahhorov/bigint_pkg/bigint.go:123.2,125.3 1 1
github.com/AbdulahadAbduqahhorov/bigint_pkg/bigint.go:87.60,89.3 1 1
github.com/AbdulahadAbduqahhorov/bigint_pkg/bigint.go:90.60,92.3 1 1
github.com/AbdulahadAbduqahhorov/bigint_pkg/bigint.go:94.60,98.3 3 1
github.com/AbdulahadAbduqahhorov/bigint_pkg/bigint.go:101.55,104.23 2 1
github.com/AbdulahadAbduqahhorov/bigint_pkg/bigint.go:108.3,108.23 1 1
github.com/AbdulahadAbduqahhorov/bigint_pkg/bigint.go:112.3,114.24 3 1
github.com/AbdulahadAbduqahhorov/bigint_pkg/bigint.go:104.23,106.4 1 1
github.com/AbdulahadAbduqahhorov/bigint_pkg/bigint.go:108.23,110.4 1 1
github.com/AbdulahadAbduqahhorov/bigint_pkg/bigint.go:117.18,119.3 1 1
github.com/AbdulahadAbduqahhorov/bigint_pkg/bigint.go:120.10,122.3 1 1
github.com/AbdulahadAbduqahhorov/bigint_pkg/bigint.go:128.50,131.33 2 1
github.com/AbdulahadAbduqahhorov/bigint_pkg/bigint.go:147.2,147.12 1 1
github.com/AbdulahadAbduqahhorov/bigint_pkg/bigint.go:131.33,133.3 1 1
github.com/AbdulahadAbduqahhorov/bigint_pkg/bigint.go:133.8,133.40 1 1
github.com/AbdulahadAbduqahhorov/bigint_pkg/bigint.go:133.40,135.3 1 0
github.com/AbdulahadAbduqahhorov/bigint_pkg/bigint.go:135.8,136.37 1 1
github.com/AbdulahadAbduqahhorov/bigint_pkg/bigint.go:136.37,137.31 1 1
github.com/AbdulahadAbduqahhorov/bigint_pkg/bigint.go:137.31,139.10 2 1
github.com/AbdulahadAbduqahhorov/bigint_pkg/bigint.go:141.10,141.38 1 1
github.com/AbdulahadAbduqahhorov/bigint_pkg/bigint.go:141.38,143.10 2 1
github.com/AbdulahadAbduqahhorov/bigint_pkg/bigint.go:150.30,155.60 3 1
github.com/AbdulahadAbduqahhorov/bigint_pkg/bigint.go:158.2,158.60 1 1
github.com/AbdulahadAbduqahhorov/bigint_pkg/bigint.go:162.2,162.60 1 1
github.com/AbdulahadAbduqahhorov/bigint_pkg/bigint.go:168.2,170.19 2 1
github.com/AbdulahadAbduqahhorov/bigint_pkg/bigint.go:180.2,182.55 3 1
github.com/AbdulahadAbduqahhorov/bigint_pkg/bigint.go:204.2,204.34 1 1
github.com/AbdulahadAbduqahhorov/bigint_pkg/bigint.go:208.2,208.19 1 1
github.com/AbdulahadAbduqahhorov/bigint_pkg/bigint.go:213.2,215.3 1 1
github.com/AbdulahadAbduqahhorov/bigint_pkg/bigint.go:155.60,157.3 1 1
github.com/AbdulahadAbduqahhorov/bigint_pkg/bigint.go:158.60,160.3 1 1
github.com/AbdulahadAbduqahhorov/bigint_pkg/bigint.go:162.60,167.3 3 1
github.com/AbdulahadAbduqahhorov/bigint_pkg/bigint.go:170.19,175.3 3 1
github.com/AbdulahadAbduqahhorov/bigint_pkg/bigint.go:175.8,175.25 1 1
github.com/AbdulahadAbduqahhorov/bigint_pkg/bigint.go:175.25,179.3 1 1
github.com/AbdulahadAbduqahhorov/bigint_pkg/bigint.go:182.55,185.23 2 1
github.com/AbdulahadAbduqahhorov/bigint_pkg/bigint.go:189.3,189.23 1 1
github.com/AbdulahadAbduqahhorov/bigint_pkg/bigint.go:193.3,195.19 2 1
github.com/AbdulahadAbduqahhorov/bigint_pkg/bigint.go:201.3,201.37 1 1
github.com/AbdulahadAbduqahhorov/bigint_pkg/bigint.go:185.23,187.4 1 1
github.com/AbdulahadAbduqahhorov/bigint_pkg/bigint.go:189.23,191.4 1 1
github.com/AbdulahadAbduqahhorov/bigint_pkg/bigint.go:195.19,198.4 2 1
github.com/AbdulahadAbduqahhorov/bigint_pkg/bigint.go:198.9,200.4 1 1
github.com/AbdulahadAbduqahhorov/bigint_pkg/bigint.go:204.34,206.3 1 0
github.com/AbdulahadAbduqahhorov/bigint_pkg/bigint.go:208.19,211.3 1 1
github.com/AbdulahadAbduqahhorov/bigint_pkg/bigint.go:219.35,223.38 3 0
github.com/AbdulahadAbduqahhorov/bigint_pkg/bigint.go:226.2,227.122 2 0
github.com/AbdulahadAbduqahhorov/bigint_pkg/bigint.go:231.2,231.60 1 0
github.com/AbdulahadAbduqahhorov/bigint_pkg/bigint.go:235.2,235.60 1 0
github.com/AbdulahadAbduqahhorov/bigint_pkg/bigint.go:239.2,239.60 1 0
github.com/AbdulahadAbduqahhorov/bigint_pkg/bigint.go:244.2,244.33 1 0
github.com/AbdulahadAbduqahhorov/bigint_pkg/bigint.go:250.2,252.41 2 0
github.com/AbdulahadAbduqahhorov/bigint_pkg/bigint.go:270.2,271.28 2 0
github.com/AbdulahadAbduqahhorov/bigint_pkg/bigint.go:276.2,276.10 1 0
github.com/AbdulahadAbduqahhorov/bigint_pkg/bigint.go:279.2,279.12 1 0
github.com/AbdulahadAbduqahhorov/bigint_pkg/bigint.go:223.38,225.3 1 0
github.com/AbdulahadAbduqahhorov/bigint_pkg/bigint.go:227.122,229.3 1 0
github.com/AbdulahadAbduqahhorov/bigint_pkg/bigint.go:231.60,233.3 1 0
github.com/AbdulahadAbduqahhorov/bigint_pkg/bigint.go:235.60,237.3 1 0
github.com/AbdulahadAbduqahhorov/bigint_pkg/bigint.go:239.60,242.3 2 0
github.com/AbdulahadAbduqahhorov/bigint_pkg/bigint.go:244.33,248.3 3 0
github.com/AbdulahadAbduqahhorov/bigint_pkg/bigint.go:252.41,256.42 3 0
github.com/AbdulahadAbduqahhorov/bigint_pkg/bigint.go:262.3,262.20 1 0
github.com/AbdulahadAbduqahhorov/bigint_pkg/bigint.go:265.3,265.45 1 0
github.com/AbdulahadAbduqahhorov/bigint_pkg/bigint.go:268.3,268.34 1 0
github.com/AbdulahadAbduqahhorov/bigint_pkg/bigint.go:256.42,261.4 3 0
github.com/AbdulahadAbduqahhorov/bigint_pkg/bigint.go:262.20,264.4 1 0
github.com/AbdulahadAbduqahhorov/bigint_pkg/bigint.go:265.45,267.4 1 0
github.com/AbdulahadAbduqahhorov/bigint_pkg/bigint.go:271.28,274.3 2 0
github.com/AbdulahadAbduqahhorov/bigint_pkg/bigint.go:276.10,278.3 1 0
github.com/AbdulahadAbduqahhorov/bigint_pkg/bigint.go:282.30,287.44 5 0
github.com/AbdulahadAbduqahhorov/bigint_pkg/bigint.go:290.2,290.20 1 0
github.com/AbdulahadAbduqahhorov/bigint_pkg/bigint.go:293.2,293.60 1 0
github.com/AbdulahadAbduqahhorov/bigint_pkg/bigint.go:308.2,308.30 1 0
github.com/AbdulahadAbduqahhorov/bigint_pkg/bigint.go:287.44,289.3 1 0
github.com/AbdulahadAbduqahhorov/bigint_pkg/bigint.go:290.20,291.13 1 0
github.com/AbdulahadAbduqahhorov/bigint_pkg/bigint.go:293.60,296.3 2 0
github.com/AbdulahadAbduqahhorov/bigint_pkg/bigint.go:296.8,296.67 1 0
github.com/AbdulahadAbduqahhorov/bigint_pkg/bigint.go:296.67,300.3 2 0
github.com/AbdulahadAbduqahhorov/bigint_pkg/bigint.go:300.8,300.67 1 0
github.com/AbdulahadAbduqahhorov/bigint_pkg/bigint.go:300.67,303.3 1 0
github.com/AbdulahadAbduqahhorov/bigint_pkg/bigint.go:303.8,306.3 1 0
github.com/AbdulahadAbduqahhorov/bigint_pkg/bigint.go:311.42,314.6 3 0
github.com/AbdulahadAbduqahhorov/bigint_pkg/bigint.go:326.2,326.35 1 0
github.com/AbdulahadAbduqahhorov/bigint_pkg/bigint.go:329.2,329.13 1 0
github.com/AbdulahadAbduqahhorov/bigint_pkg/bigint.go:314.6,316.41 1 0
github.com/AbdulahadAbduqahhorov/bigint_pkg/bigint.go:316.41,318.4 1 0
github.com/AbdulahadAbduqahhorov/bigint_pkg/bigint.go:318.9,318.31 1 0
github.com/AbdulahadAbduqahhorov/bigint_pkg/bigint.go:318.31,319.9 1 0
github.com/AbdulahadAbduqahhorov/bigint_pkg/bigint.go:320.9,324.4 2 0
github.com/AbdulahadAbduqahhorov/bigint_pkg/bigint.go:326.35,328.3 1 0
github.com/AbdulahadAbduqahhorov/bigint_pkg/bigint.go:332.31,333.23 1 0
github.com/AbdulahadAbduqahhorov/bigint_pkg/bigint.go:338.2,338.23 1 0
github.com/AbdulahadAbduqahhorov/bigint_pkg/bigint.go:343.2,345.3 1 0
github.com/AbdulahadAbduqahhorov/bigint_pkg/bigint.go:333.23,337.3 1 0
github.com/AbdulahadAbduqahhorov/bigint_pkg/bigint.go:338.23,342.3 1 0
